2023-11-12 18:34:28,964 - root - INFO - LandonBot initialized
2023-11-12 18:34:28,964 - root - INFO - Starting LandonBot
2023-11-12 18:34:28,967 - root - INFO - Data queue size: 0
2023-11-12 18:34:29,980 - root - INFO - Data queue size: 0
2023-11-12 18:34:30,031 - root - INFO - Fetched historical data
2023-11-12 18:34:30,912 - websocket - INFO - Websocket connected
2023-11-12 18:34:30,912 - root - INFO - Websocket opened
2023-11-12 18:34:30,989 - root - INFO - Data queue size: 0
2023-11-12 18:34:31,194 - root - INFO - Received a message
2023-11-12 18:34:31,197 - root - ERROR - The dtype of column timestamp is not valid: <class 'pandas.core.series.Series'>
2023-11-12 18:34:31,197 - root - ERROR - The dtype of column symbol is not valid: <class 'pandas.core.series.Series'>
2023-11-12 18:34:31,999 - root - INFO - Data queue size: 0
2023-11-12 18:34:32,564 - root - INFO - Received a message
2023-11-12 18:34:32,569 - root - INFO - Data enqueued. Queue size: 1
2023-11-12 18:34:32,569 - root - ERROR - The dtype of column timestamp is not valid: <class 'pandas.core.series.Series'>
2023-11-12 18:34:32,569 - root - ERROR - The dtype of column symbol is not valid: <class 'pandas.core.series.Series'>
2023-11-12 18:34:33,011 - root - INFO - Data queue size: 1
2023-11-12 18:34:33,011 - root - WARNING - Received empty or incorrectly formatted data
2023-11-12 18:34:33,013 - root - WARNING - Received empty data
2023-11-12 18:34:33,013 - root - INFO - Data queue size: 0
2023-11-12 18:34:33,797 - root - INFO - Received a message
2023-11-12 18:34:33,800 - root - INFO - Data enqueued. Queue size: 1
2023-11-12 18:34:33,801 - root - INFO - Data enqueued. Queue size: 2
2023-11-12 18:34:33,803 - root - INFO - Data enqueued. Queue size: 3
2023-11-12 18:34:33,805 - root - INFO - Data enqueued. Queue size: 4
2023-11-12 18:34:33,806 - root - INFO - Data enqueued. Queue size: 5
2023-11-12 18:34:33,808 - root - INFO - Data enqueued. Queue size: 6
2023-11-12 18:34:33,809 - root - INFO - Data enqueued. Queue size: 7
2023-11-12 18:34:33,811 - root - INFO - Data enqueued. Queue size: 8
2023-11-12 18:34:33,812 - root - INFO - Data enqueued. Queue size: 9
2023-11-12 18:34:33,814 - root - INFO - Data enqueued. Queue size: 10
2023-11-12 18:34:33,815 - root - INFO - Data enqueued. Queue size: 11
2023-11-12 18:34:33,817 - root - INFO - Data enqueued. Queue size: 12
2023-11-12 18:34:33,818 - root - INFO - Data enqueued. Queue size: 13
2023-11-12 18:34:33,821 - root - INFO - Data enqueued. Queue size: 14
2023-11-12 18:34:33,822 - root - INFO - Data enqueued. Queue size: 15
2023-11-12 18:34:33,824 - root - INFO - Data enqueued. Queue size: 16
2023-11-12 18:34:33,825 - root - INFO - Data enqueued. Queue size: 17
2023-11-12 18:34:33,827 - root - INFO - Data enqueued. Queue size: 18
2023-11-12 18:34:33,829 - root - INFO - Data enqueued. Queue size: 19
2023-11-12 18:34:33,830 - root - INFO - Data enqueued. Queue size: 20
2023-11-12 18:34:33,832 - root - INFO - Data enqueued. Queue size: 21
2023-11-12 18:34:33,833 - root - INFO - Data enqueued. Queue size: 22
2023-11-12 18:34:33,835 - root - INFO - Data enqueued. Queue size: 23
2023-11-12 18:34:33,837 - root - INFO - Data enqueued. Queue size: 24
2023-11-12 18:34:33,838 - root - INFO - Data enqueued. Queue size: 25
2023-11-12 18:34:33,840 - root - INFO - Data enqueued. Queue size: 26
2023-11-12 18:34:33,842 - root - INFO - Data enqueued. Queue size: 27
2023-11-12 18:34:33,843 - root - INFO - Data enqueued. Queue size: 28
2023-11-12 18:34:33,845 - root - INFO - Data enqueued. Queue size: 29
2023-11-12 18:34:33,846 - root - INFO - Data enqueued. Queue size: 30
2023-11-12 18:34:33,848 - root - INFO - Data enqueued. Queue size: 31
2023-11-12 18:34:33,849 - root - INFO - Data enqueued. Queue size: 32
2023-11-12 18:34:33,851 - root - INFO - Data enqueued. Queue size: 33
2023-11-12 18:34:33,853 - root - INFO - Data enqueued. Queue size: 34
2023-11-12 18:34:33,854 - root - INFO - Data enqueued. Queue size: 35
2023-11-12 18:34:33,856 - root - INFO - Data enqueued. Queue size: 36
2023-11-12 18:34:33,858 - root - INFO - Data enqueued. Queue size: 37
2023-11-12 18:34:33,858 - root - ERROR - The dtype of column timestamp is not valid: <class 'pandas.core.series.Series'>
2023-11-12 18:34:33,858 - root - ERROR - The dtype of column symbol is not valid: <class 'pandas.core.series.Series'>
2023-11-12 18:34:34,024 - root - INFO - Data queue size: 37
2023-11-12 18:34:34,024 - root - WARNING - Received empty or incorrectly formatted data
2023-11-12 18:34:34,024 - root - WARNING - Received empty data
2023-11-12 18:34:34,024 - root - INFO - Data queue size: 36
2023-11-12 18:34:34,024 - root - WARNING - Received empty or incorrectly formatted data
2023-11-12 18:34:34,025 - root - WARNING - Received empty data
2023-11-12 18:34:34,025 - root - INFO - Data queue size: 35
2023-11-12 18:34:34,025 - root - WARNING - Received empty or incorrectly formatted data
2023-11-12 18:34:34,025 - root - WARNING - Received empty data
2023-11-12 18:34:34,025 - root - INFO - Data queue size: 34
2023-11-12 18:34:34,025 - root - WARNING - Received empty or incorrectly formatted data
2023-11-12 18:34:34,025 - root - WARNING - Received empty data
2023-11-12 18:34:34,025 - root - INFO - Data queue size: 33
2023-11-12 18:34:34,026 - root - WARNING - Received empty or incorrectly formatted data
2023-11-12 18:34:34,026 - root - WARNING - Received empty data
2023-11-12 18:34:34,026 - root - INFO - Data queue size: 32
2023-11-12 18:34:34,026 - root - WARNING - Received empty or incorrectly formatted data
2023-11-12 18:34:34,026 - root - WARNING - Received empty data
2023-11-12 18:34:34,026 - root - INFO - Data queue size: 31
2023-11-12 18:34:34,026 - root - WARNING - Received empty or incorrectly formatted data
2023-11-12 18:34:34,026 - root - WARNING - Received empty data
2023-11-12 18:34:34,026 - root - INFO - Data queue size: 30
2023-11-12 18:34:34,026 - root - WARNING - Received empty or incorrectly formatted data
2023-11-12 18:34:34,026 - root - WARNING - Received empty data
2023-11-12 18:34:34,026 - root - INFO - Data queue size: 29
2023-11-12 18:34:34,026 - root - WARNING - Received empty or incorrectly formatted data
2023-11-12 18:34:34,026 - root - WARNING - Received empty data
2023-11-12 18:34:34,026 - root - INFO - Data queue size: 28
2023-11-12 18:34:34,026 - root - WARNING - Received empty or incorrectly formatted data
2023-11-12 18:34:34,026 - root - WARNING - Received empty data
2023-11-12 18:34:34,026 - root - INFO - Data queue size: 27
2023-11-12 18:34:34,026 - root - WARNING - Received empty or incorrectly formatted data
2023-11-12 18:34:34,026 - root - WARNING - Received empty data
2023-11-12 18:34:34,026 - root - INFO - Data queue size: 26
2023-11-12 18:34:34,026 - root - WARNING - Received empty or incorrectly formatted data
2023-11-12 18:34:34,028 - root - WARNING - Received empty data
2023-11-12 18:34:34,028 - root - INFO - Data queue size: 25
2023-11-12 18:34:34,028 - root - WARNING - Received empty or incorrectly formatted data
2023-11-12 18:34:34,028 - root - WARNING - Received empty data
2023-11-12 18:34:34,028 - root - INFO - Data queue size: 24
2023-11-12 18:34:34,028 - root - WARNING - Received empty or incorrectly formatted data
2023-11-12 18:34:34,028 - root - WARNING - Received empty data
2023-11-12 18:34:34,028 - root - INFO - Data queue size: 23
2023-11-12 18:34:34,028 - root - WARNING - Received empty or incorrectly formatted data
2023-11-12 18:34:34,028 - root - WARNING - Received empty data
2023-11-12 18:34:34,028 - root - INFO - Data queue size: 22
2023-11-12 18:34:34,028 - root - WARNING - Received empty or incorrectly formatted data
2023-11-12 18:34:34,028 - root - WARNING - Received empty data
2023-11-12 18:34:34,028 - root - INFO - Data queue size: 21
2023-11-12 18:34:34,029 - root - WARNING - Received empty or incorrectly formatted data
2023-11-12 18:34:34,029 - root - WARNING - Received empty data
2023-11-12 18:34:34,029 - root - INFO - Data queue size: 20
2023-11-12 18:34:34,029 - root - WARNING - Received empty or incorrectly formatted data
2023-11-12 18:34:34,029 - root - WARNING - Received empty data
2023-11-12 18:34:34,029 - root - INFO - Data queue size: 19
2023-11-12 18:34:34,029 - root - WARNING - Received empty or incorrectly formatted data
2023-11-12 18:34:34,029 - root - WARNING - Received empty data
2023-11-12 18:34:34,029 - root - INFO - Data queue size: 18
2023-11-12 18:34:34,029 - root - WARNING - Received empty or incorrectly formatted data
2023-11-12 18:34:34,029 - root - WARNING - Received empty data
2023-11-12 18:34:34,029 - root - INFO - Data queue size: 17
2023-11-12 18:34:34,029 - root - WARNING - Received empty or incorrectly formatted data
2023-11-12 18:34:34,030 - root - WARNING - Received empty data
2023-11-12 18:34:34,030 - root - INFO - Data queue size: 16
2023-11-12 18:34:34,030 - root - WARNING - Received empty or incorrectly formatted data
2023-11-12 18:34:34,030 - root - WARNING - Received empty data
2023-11-12 18:34:34,030 - root - INFO - Data queue size: 15
2023-11-12 18:34:34,030 - root - WARNING - Received empty or incorrectly formatted data
2023-11-12 18:34:34,030 - root - WARNING - Received empty data
2023-11-12 18:34:34,030 - root - INFO - Data queue size: 14
2023-11-12 18:34:34,030 - root - WARNING - Received empty or incorrectly formatted data
2023-11-12 18:34:34,030 - root - WARNING - Received empty data
2023-11-12 18:34:34,030 - root - INFO - Data queue size: 13
2023-11-12 18:34:34,030 - root - WARNING - Received empty or incorrectly formatted data
2023-11-12 18:34:34,030 - root - WARNING - Received empty data
2023-11-12 18:34:34,030 - root - INFO - Data queue size: 12
2023-11-12 18:34:34,030 - root - WARNING - Received empty or incorrectly formatted data
2023-11-12 18:34:34,030 - root - WARNING - Received empty data
2023-11-12 18:34:34,030 - root - INFO - Data queue size: 11
2023-11-12 18:34:34,031 - root - WARNING - Received empty or incorrectly formatted data
2023-11-12 18:34:34,031 - root - WARNING - Received empty data
2023-11-12 18:34:34,031 - root - INFO - Data queue size: 10
2023-11-12 18:34:34,031 - root - WARNING - Received empty or incorrectly formatted data
2023-11-12 18:34:34,031 - root - WARNING - Received empty data
2023-11-12 18:34:34,031 - root - INFO - Data queue size: 9
2023-11-12 18:34:34,031 - root - WARNING - Received empty or incorrectly formatted data
2023-11-12 18:34:34,031 - root - WARNING - Received empty data
2023-11-12 18:34:34,031 - root - INFO - Data queue size: 8
2023-11-12 18:34:34,031 - root - WARNING - Received empty or incorrectly formatted data
2023-11-12 18:34:34,031 - root - WARNING - Received empty data
2023-11-12 18:34:34,031 - root - INFO - Data queue size: 7
2023-11-12 18:34:34,031 - root - WARNING - Received empty or incorrectly formatted data
2023-11-12 18:34:34,031 - root - WARNING - Received empty data
2023-11-12 18:34:34,032 - root - INFO - Data queue size: 6
2023-11-12 18:34:34,032 - root - WARNING - Received empty or incorrectly formatted data
2023-11-12 18:34:34,032 - root - WARNING - Received empty data
2023-11-12 18:34:34,032 - root - INFO - Data queue size: 5
2023-11-12 18:34:34,032 - root - WARNING - Received empty or incorrectly formatted data
2023-11-12 18:34:34,032 - root - WARNING - Received empty data
2023-11-12 18:34:34,032 - root - INFO - Data queue size: 4
2023-11-12 18:34:34,032 - root - WARNING - Received empty or incorrectly formatted data
2023-11-12 18:34:34,032 - root - WARNING - Received empty data
2023-11-12 18:34:34,032 - root - INFO - Data queue size: 3
2023-11-12 18:34:34,032 - root - WARNING - Received empty or incorrectly formatted data
2023-11-12 18:34:34,032 - root - WARNING - Received empty data
2023-11-12 18:34:34,033 - root - INFO - Data queue size: 2
2023-11-12 18:34:34,033 - root - WARNING - Received empty or incorrectly formatted data
2023-11-12 18:34:34,033 - root - WARNING - Received empty data
2023-11-12 18:34:34,033 - root - INFO - Data queue size: 1
2023-11-12 18:34:34,033 - root - WARNING - Received empty or incorrectly formatted data
2023-11-12 18:34:34,033 - root - WARNING - Received empty data
2023-11-12 18:34:34,033 - root - INFO - Data queue size: 0
2023-11-12 18:34:34,474 - root - INFO - Received a message
2023-11-12 18:34:34,477 - root - INFO - Data enqueued. Queue size: 1
2023-11-12 18:34:34,478 - root - ERROR - The dtype of column timestamp is not valid: <class 'pandas.core.series.Series'>
2023-11-12 18:34:34,478 - root - ERROR - The dtype of column symbol is not valid: <class 'pandas.core.series.Series'>
2023-11-12 18:34:34,478 - root - INFO - Received a message
2023-11-12 18:34:34,479 - root - INFO - Data enqueued. Queue size: 2
2023-11-12 18:34:34,480 - root - ERROR - The dtype of column timestamp is not valid: <class 'pandas.core.series.Series'>
2023-11-12 18:34:34,480 - root - ERROR - The dtype of column symbol is not valid: <class 'pandas.core.series.Series'>
2023-11-12 18:34:35,038 - root - INFO - Data queue size: 2
2023-11-12 18:34:35,038 - root - WARNING - Received empty or incorrectly formatted data
2023-11-12 18:34:35,039 - root - WARNING - Received empty data
2023-11-12 18:34:35,039 - root - INFO - Data queue size: 1
2023-11-12 18:34:35,039 - root - WARNING - Received empty or incorrectly formatted data
2023-11-12 18:34:35,040 - root - WARNING - Received empty data
2023-11-12 18:34:35,040 - root - INFO - Data queue size: 0
2023-11-12 18:34:36,052 - root - INFO - Data queue size: 0
2023-11-12 18:34:37,063 - root - INFO - Data queue size: 0
2023-11-12 18:34:37,136 - root - INFO - Received a message
2023-11-12 18:34:37,139 - root - INFO - Data enqueued. Queue size: 1
2023-11-12 18:34:37,141 - root - INFO - Data enqueued. Queue size: 2
2023-11-12 18:34:37,143 - root - INFO - Data enqueued. Queue size: 3
2023-11-12 18:34:37,144 - root - INFO - Data enqueued. Queue size: 4
2023-11-12 18:34:37,146 - root - INFO - Data enqueued. Queue size: 5
2023-11-12 18:34:37,147 - root - INFO - Data enqueued. Queue size: 6
2023-11-12 18:34:37,149 - root - INFO - Data enqueued. Queue size: 7
2023-11-12 18:34:37,150 - root - INFO - Data enqueued. Queue size: 8
2023-11-12 18:34:37,163 - root - ERROR - Error calculating technical indicators: 'RSI'
2023-11-12 18:34:37,163 - root - INFO - Data enqueued. Queue size: 9
2023-11-12 18:34:37,163 - root - INFO - Data enqueued. Queue size: 10
2023-11-12 18:34:37,165 - root - INFO - Data enqueued. Queue size: 11
2023-11-12 18:34:37,167 - root - INFO - Data enqueued. Queue size: 12
2023-11-12 18:34:37,168 - root - INFO - Data enqueued. Queue size: 13
2023-11-12 18:34:37,170 - root - INFO - Data enqueued. Queue size: 14
2023-11-12 18:34:37,171 - root - INFO - Data enqueued. Queue size: 15
2023-11-12 18:34:37,173 - root - INFO - Data enqueued. Queue size: 16
2023-11-12 18:34:37,174 - root - INFO - Data enqueued. Queue size: 17
2023-11-12 18:34:37,176 - root - INFO - Data enqueued. Queue size: 18
2023-11-12 18:34:37,177 - root - INFO - Data enqueued. Queue size: 19
2023-11-12 18:34:37,179 - root - INFO - Data enqueued. Queue size: 20
2023-11-12 18:34:37,180 - root - INFO - Data enqueued. Queue size: 21
2023-11-12 18:34:37,182 - root - INFO - Data enqueued. Queue size: 22
2023-11-12 18:34:37,183 - root - WARNING - Missing values detected in column timestamp: 3 rows
2023-11-12 18:34:37,183 - root - WARNING - Missing values detected in column symbol: 3 rows
2023-11-12 18:34:37,184 - root - WARNING - Missing values detected in column volume: 3 rows
2023-11-12 18:34:37,184 - root - WARNING - Missing values detected in column price: 3 rows
2023-11-12 18:34:37,184 - root - WARNING - Unexpected data type for column timestamp. Expected datetime64[ns] but got float64
2023-11-12 18:34:37,184 - root - ERROR - The dtype of column symbol is not valid: <class 'pandas.core.series.Series'>
2023-11-12 18:34:37,184 - root - WARNING - Unexpected data type for column side. Expected int64 but got int32
2023-11-12 18:34:37,184 - root - WARNING - Unexpected data type for column tick_direction. Expected int64 but got int32
2023-11-12 18:34:37,184 - root - WARNING - Unexpected data type for column trade_id. Expected int64 but got int32
2023-11-12 18:34:37,215 - root - INFO - Received a message
2023-11-12 18:34:37,217 - root - INFO - Data enqueued. Queue size: 23
2023-11-12 18:34:37,218 - root - WARNING - Missing values detected in column timestamp: 3 rows
2023-11-12 18:34:37,218 - root - WARNING - Missing values detected in column symbol: 3 rows
2023-11-12 18:34:37,218 - root - WARNING - Missing values detected in column volume: 3 rows
2023-11-12 18:34:37,218 - root - WARNING - Missing values detected in column price: 3 rows
2023-11-12 18:34:37,218 - root - WARNING - Unexpected data type for column timestamp. Expected datetime64[ns] but got float64
2023-11-12 18:34:37,218 - root - ERROR - The dtype of column symbol is not valid: <class 'pandas.core.series.Series'>
2023-11-12 18:34:37,218 - root - WARNING - Unexpected data type for column side. Expected int64 but got int32
2023-11-12 18:34:37,218 - root - WARNING - Unexpected data type for column tick_direction. Expected int64 but got int32
2023-11-12 18:34:37,218 - root - WARNING - Unexpected data type for column trade_id. Expected int64 but got int32
2023-11-12 18:34:38,078 - root - INFO - Data queue size: 23
2023-11-12 18:34:38,078 - root - WARNING - Received empty or incorrectly formatted data
2023-11-12 18:34:38,079 - root - WARNING - Received empty data
2023-11-12 18:34:38,079 - root - INFO - Data queue size: 22
2023-11-12 18:34:38,079 - root - WARNING - Received empty or incorrectly formatted data
2023-11-12 18:34:38,080 - root - WARNING - Received empty data
2023-11-12 18:34:38,080 - root - INFO - Data queue size: 21
2023-11-12 18:34:38,080 - root - WARNING - Received empty or incorrectly formatted data
2023-11-12 18:34:38,080 - root - WARNING - Received empty data
2023-11-12 18:34:38,080 - root - INFO - Data queue size: 20
2023-11-12 18:34:38,080 - root - WARNING - Received empty or incorrectly formatted data
2023-11-12 18:34:38,080 - root - WARNING - Received empty data
2023-11-12 18:34:38,081 - root - INFO - Data queue size: 19
2023-11-12 18:34:38,081 - root - WARNING - Received empty or incorrectly formatted data
2023-11-12 18:34:38,081 - root - WARNING - Received empty data
2023-11-12 18:34:38,081 - root - INFO - Data queue size: 18
2023-11-12 18:34:38,081 - root - WARNING - Received empty or incorrectly formatted data
2023-11-12 18:34:38,081 - root - WARNING - Received empty data
2023-11-12 18:34:38,081 - root - INFO - Data queue size: 17
2023-11-12 18:34:38,081 - root - WARNING - Received empty or incorrectly formatted data
2023-11-12 18:34:38,081 - root - WARNING - Received empty data
2023-11-12 18:34:38,081 - root - INFO - Data queue size: 16
2023-11-12 18:34:38,081 - root - WARNING - Received empty or incorrectly formatted data
2023-11-12 18:34:38,082 - root - WARNING - Received empty data
2023-11-12 18:34:38,082 - root - INFO - Data queue size: 15
2023-11-12 18:34:38,082 - root - WARNING - Received empty or incorrectly formatted data
2023-11-12 18:34:38,082 - root - WARNING - Received empty data
2023-11-12 18:34:38,082 - root - INFO - Data queue size: 14
2023-11-12 18:34:38,082 - root - WARNING - Received empty or incorrectly formatted data
2023-11-12 18:34:38,082 - root - WARNING - Received empty data
2023-11-12 18:34:38,082 - root - INFO - Data queue size: 13
2023-11-12 18:34:38,082 - root - WARNING - Received empty or incorrectly formatted data
2023-11-12 18:34:38,082 - root - WARNING - Received empty data
2023-11-12 18:34:38,082 - root - INFO - Data queue size: 12
2023-11-12 18:34:38,082 - root - WARNING - Received empty or incorrectly formatted data
2023-11-12 18:34:38,082 - root - WARNING - Received empty data
2023-11-12 18:34:38,082 - root - INFO - Data queue size: 11
2023-11-12 18:34:38,083 - root - WARNING - Received empty or incorrectly formatted data
2023-11-12 18:34:38,083 - root - WARNING - Received empty data
2023-11-12 18:34:38,083 - root - INFO - Data queue size: 10
2023-11-12 18:34:38,083 - root - WARNING - Received empty or incorrectly formatted data
2023-11-12 18:34:38,083 - root - WARNING - Received empty data
2023-11-12 18:34:38,083 - root - INFO - Received a message
2023-11-12 18:34:38,083 - root - INFO - Data queue size: 9
2023-11-12 18:34:38,085 - root - INFO - Data enqueued. Queue size: 10
2023-11-12 18:34:38,085 - root - WARNING - Received empty or incorrectly formatted data
2023-11-12 18:34:38,086 - root - WARNING - Missing values detected in column timestamp: 3 rows
2023-11-12 18:34:38,086 - root - WARNING - Received empty data
2023-11-12 18:34:38,086 - root - WARNING - Missing values detected in column symbol: 3 rows
2023-11-12 18:34:38,086 - root - INFO - Data queue size: 9
2023-11-12 18:34:38,087 - root - WARNING - Missing values detected in column volume: 3 rows
2023-11-12 18:34:38,087 - root - WARNING - Received empty or incorrectly formatted data
2023-11-12 18:34:38,087 - root - WARNING - Missing values detected in column price: 3 rows
2023-11-12 18:34:38,087 - root - WARNING - Received empty data
2023-11-12 18:34:38,087 - root - WARNING - Unexpected data type for column timestamp. Expected datetime64[ns] but got float64
2023-11-12 18:34:38,087 - root - INFO - Data queue size: 8
2023-11-12 18:34:38,087 - root - ERROR - The dtype of column symbol is not valid: <class 'pandas.core.series.Series'>
2023-11-12 18:34:38,087 - root - WARNING - Received empty or incorrectly formatted data
2023-11-12 18:34:38,087 - root - WARNING - Unexpected data type for column side. Expected int64 but got int32
2023-11-12 18:34:38,087 - root - WARNING - Received empty data
2023-11-12 18:34:38,087 - root - WARNING - Unexpected data type for column tick_direction. Expected int64 but got int32
2023-11-12 18:34:38,087 - root - INFO - Data queue size: 7
2023-11-12 18:34:38,087 - root - WARNING - Unexpected data type for column trade_id. Expected int64 but got int32
2023-11-12 18:34:38,088 - root - WARNING - Received empty or incorrectly formatted data
2023-11-12 18:34:38,088 - root - WARNING - Received empty data
2023-11-12 18:34:38,088 - root - INFO - Data queue size: 6
2023-11-12 18:34:38,088 - root - WARNING - Received empty or incorrectly formatted data
2023-11-12 18:34:38,088 - root - WARNING - Received empty data
2023-11-12 18:34:38,088 - root - INFO - Data queue size: 5
2023-11-12 18:34:38,088 - root - WARNING - Received empty or incorrectly formatted data
2023-11-12 18:34:38,088 - root - WARNING - Received empty data
2023-11-12 18:34:38,088 - root - INFO - Data queue size: 4
2023-11-12 18:34:38,088 - root - WARNING - Received empty or incorrectly formatted data
2023-11-12 18:34:38,089 - root - WARNING - Received empty data
2023-11-12 18:34:38,089 - root - INFO - Data queue size: 3
2023-11-12 18:34:38,089 - root - WARNING - Received empty or incorrectly formatted data
2023-11-12 18:34:38,089 - root - WARNING - Received empty data
2023-11-12 18:34:38,089 - root - INFO - Data queue size: 2
2023-11-12 18:34:38,089 - root - WARNING - Received empty or incorrectly formatted data
2023-11-12 18:34:38,089 - root - WARNING - Received empty data
2023-11-12 18:34:38,089 - root - INFO - Data queue size: 1
2023-11-12 18:34:38,089 - root - WARNING - Received empty or incorrectly formatted data
2023-11-12 18:34:38,089 - root - WARNING - Received empty data
2023-11-12 18:34:38,089 - root - INFO - Data queue size: 0
2023-11-12 18:34:38,229 - root - INFO - Received a message
2023-11-12 18:34:38,231 - root - INFO - Data enqueued. Queue size: 1
2023-11-12 18:34:38,232 - root - WARNING - Missing values detected in column timestamp: 3 rows
2023-11-12 18:34:38,232 - root - WARNING - Missing values detected in column symbol: 3 rows
2023-11-12 18:34:38,232 - root - WARNING - Missing values detected in column volume: 3 rows
2023-11-12 18:34:38,232 - root - WARNING - Missing values detected in column price: 3 rows
2023-11-12 18:34:38,232 - root - WARNING - Unexpected data type for column timestamp. Expected datetime64[ns] but got float64
2023-11-12 18:34:38,232 - root - ERROR - The dtype of column symbol is not valid: <class 'pandas.core.series.Series'>
2023-11-12 18:34:38,232 - root - WARNING - Unexpected data type for column side. Expected int64 but got int32
2023-11-12 18:34:38,232 - root - WARNING - Unexpected data type for column tick_direction. Expected int64 but got int32
2023-11-12 18:34:38,232 - root - WARNING - Unexpected data type for column trade_id. Expected int64 but got int32
2023-11-12 18:34:38,483 - root - INFO - Received a message
2023-11-12 18:34:38,485 - root - INFO - Data enqueued. Queue size: 2
2023-11-12 18:34:38,486 - root - WARNING - Missing values detected in column timestamp: 3 rows
2023-11-12 18:34:38,486 - root - WARNING - Missing values detected in column symbol: 3 rows
2023-11-12 18:34:38,486 - root - WARNING - Missing values detected in column volume: 3 rows
2023-11-12 18:34:38,486 - root - WARNING - Missing values detected in column price: 3 rows
2023-11-12 18:34:38,486 - root - WARNING - Unexpected data type for column timestamp. Expected datetime64[ns] but got float64
2023-11-12 18:34:38,486 - root - ERROR - The dtype of column symbol is not valid: <class 'pandas.core.series.Series'>
2023-11-12 18:34:38,486 - root - WARNING - Unexpected data type for column side. Expected int64 but got int32
2023-11-12 18:34:38,486 - root - WARNING - Unexpected data type for column tick_direction. Expected int64 but got int32
2023-11-12 18:34:38,486 - root - WARNING - Unexpected data type for column trade_id. Expected int64 but got int32
2023-11-12 18:34:38,489 - root - INFO - Received a message
2023-11-12 18:34:38,490 - root - INFO - Data enqueued. Queue size: 3
2023-11-12 18:34:38,491 - root - WARNING - Missing values detected in column timestamp: 3 rows
2023-11-12 18:34:38,491 - root - WARNING - Missing values detected in column symbol: 3 rows
2023-11-12 18:34:38,491 - root - WARNING - Missing values detected in column volume: 3 rows
2023-11-12 18:34:38,491 - root - WARNING - Missing values detected in column price: 3 rows
2023-11-12 18:34:38,491 - root - WARNING - Unexpected data type for column timestamp. Expected datetime64[ns] but got float64
2023-11-12 18:34:38,491 - root - ERROR - The dtype of column symbol is not valid: <class 'pandas.core.series.Series'>
2023-11-12 18:34:38,491 - root - WARNING - Unexpected data type for column side. Expected int64 but got int32
2023-11-12 18:34:38,491 - root - WARNING - Unexpected data type for column tick_direction. Expected int64 but got int32
2023-11-12 18:34:38,491 - root - WARNING - Unexpected data type for column trade_id. Expected int64 but got int32
